Validation Error - 53_ft: An input must be provided for the keyword 'Manager'.
Validation Error - Truck_lathrop_dest: An input must be provided for the keyword 'NextComponent'.
Validation Error - TimeSeries1: An input must be provided for the keyword 'UnitType'.
Validation Error - TimeSeries1: An input must be provided for the keyword 'UnitType'.
Validation Error - MatFlowStation1: An input must be provided for the keyword 'Manager'.
Validation Error - Lathrop1_org: An input must be provided for the keyword 'Next'.
Validation Error - OR_dest: An input must be provided for the keyword 'Manager'.
Validation Error - OR_to_Lathrop1: An input must be provided for the keyword 'Next'.
Validation Error - OR_to_Lathrop1: An input must be provided for the keyword 'Next'.
EXCEPTION AT TIME: 6.610729 s
45_ft: No path found from present origin to the specified destinations. Origin=Lathrop1_org, destinations=[Truck_lathrop_dest]
Thrown exception call stack:
com.jaamsim.basicsim.Entity.error(Entity.java:640)
com.jaamsim.Transportation.Vehicle.startNextTrip(Vehicle.java:258)
com.jaamsim.Transportation.TransportOrigin.addEntity(TransportOrigin.java:37)
com.jaamsim.Transportation.TransportDestination.receiveVehicle(TransportDestination.java:50)
com.jaamsim.Transportation.Vehicle$ArriveAtDestinationTarget.process(Vehicle.java:575)
com.jaamsim.events.EventManager.executeTarget(EventManager.java:183)
com.jaamsim.events.EventManager.execute(EventManager.java:264)
com.jaamsim.events.Process.run(Process.java:101)
