RecordEdits
Define  ExpressionThreshold  {  %Pallet_receiver%ExpressionThreshold1  ExpressionThreshold1  }
Define  InputValue  {  Pallet_weight  depal_rate  qty  }
Define  MatFlowManager  {  MatFlowManager2  }
Define  MatFlowSource  {  MatFlowSource1  }
Define  MatFlowStorage  {  MatFlowStorage2  }
Define  MatFlowSystem  {  MatFlowSystem1  }
Define  Material  {  Material1  }
Define  EntityConveyor  {  EntityConveyor1  }
Define  EntityGenerator  {  EntityGenerator1  }
Define  EntitySink  {  %Pallet_receiver%EntitySink1  }
Define  Queue  {  %Pallet_receiver%Queue1  }
Define  Server  {  %Pallet_receiver%Server1  }
Define  SimEntity  {  Pallet  }
Define  SubModel  {  Pallet_receiver  }
Define  SubModelClone  {  SubModel11  }
Define  SubModelStart  {  %Pallet_receiver%SubModelStart1  }
Define  ColladaModel  {  Axis  Grid100x100  }
Define  DisplayEntity  {  XY-Grid  XYZ-Axis  }
Define  EntityLabel  {  Pallet_receiver_Label  Pallet_weight_Label  qty_Label1  }
Define  OverlayClock  {  Clock  }
Define  OverlayText  {  Title  }
Define  Text  {  Text1  }
Define  View  {  View1  }
Pallet_weight  UnitType  {  MassUnit  }
depal_rate  UnitType  {  MassFlowUnit  }
qty  UnitType  {  DimensionlessUnit  }
Text1  UnitType  {  MassUnit  }
SubModel11  Prototype  {  Pallet_receiver  }
Pallet_receiver  KeywordList  {  {  fill  }  {  rate  MassFlowUnit  }  {  pallet_wt  MassUnit  }  }
Pallet_receiver  ComponentList  {  %Pallet_receiver%EntitySink1  %Pallet_receiver%Queue1  %Pallet_receiver%Server1  %Pallet_receiver%SubModelStart1  %Pallet_receiver%ExpressionThreshold1  }
Simulation  Description  {  Simulation run control inputs  }
%Pallet_receiver%ExpressionThreshold1  OpenCondition  {  [%Pallet_receiver%Server1].Working  }
ExpressionThreshold1  OpenCondition  {  [SubModel11].fill > 0  }
*** INPUT ERROR *** Entity: ExpressionThreshold1, Keyword: OpenCondition - null

com.jaamsim.input.ExpEvaluator.evaluateExpression(ExpEvaluator.java:376)
com.jaamsim.input.ExpressionHandle.evaluateExp(ExpressionHandle.java:53)
com.jaamsim.input.ExpressionHandle.getValue(ExpressionHandle.java:37)
com.jaamsim.input.ExpEvaluator.getResultFromOutput(ExpEvaluator.java:57)
com.jaamsim.input.ExpEvaluator.access$200(ExpEvaluator.java:35)
com.jaamsim.input.ExpEvaluator$EntityResolver.resolve(ExpEvaluator.java:312)
com.jaamsim.input.ExpParser$ResolveOutput.evaluate(ExpParser.java:437)
com.jaamsim.input.ExpParser$BinaryOp.evaluate(ExpParser.java:685)
com.jaamsim.input.ExpParser$Expression.evaluate(ExpParser.java:210)
com.jaamsim.input.ExpEvaluator.evaluateExpression(ExpEvaluator.java:376)
com.jaamsim.Thresholds.ExpressionThreshold.getOpenConditionValue(ExpressionThreshold.java:164)
com.jaamsim.Thresholds.ExpressionThreshold.updateForInput(ExpressionThreshold.java:120)
com.jaamsim.input.InputAgent.apply(InputAgent.java:840)
com.jaamsim.input.InputAgent.processKeyword(InputAgent.java:846)
com.jaamsim.input.InputAgent.processKeywordRecord(InputAgent.java:699)
com.jaamsim.input.InputAgent.readBufferedStream(InputAgent.java:494)
com.jaamsim.input.InputAgent.readStream(InputAgent.java:440)
com.jaamsim.input.InputAgent.loadConfigurationFile(InputAgent.java:764)
com.jaamsim.ui.GUIFrame.configure(GUIFrame.java:2327)
com.jaamsim.ui.GUIFrame.main(GUIFrame.java:2046)
sun.reflect.NativeMethodAccessorImpl.invoke0(Native Method)
sun.reflect.NativeMethodAccessorImpl.invoke(Unknown Source)
sun.reflect.DelegatingMethodAccessorImpl.invoke(Unknown Source)
java.lang.reflect.Method.invoke(Unknown Source)
com.exe4j.runtime.LauncherEngine.launch(LauncherEngine.java:62)
com.exe4j.runtime.WinLauncher.main(WinLauncher.java:101)
Pallet_weight  Value  {  1  t  }
depal_rate  Value  {  20  t/h  }
qty  Value  {  20  }
MatFlowSource1  ImmediateThresholdList  {  ExpressionThreshold1  }
MatFlowSource1  Manager  {  MatFlowManager2  }
MatFlowSource1  FlowRate  {  depal_rate  }
MatFlowSource1  Next  {  MatFlowStorage2  }
MatFlowSource1  Material  {  Material1  }
MatFlowStorage2  Manager  {  MatFlowManager2  }
MatFlowStorage2  Capacity  {  [Pallet_weight].Value * [qty].Value  }
MatFlowSystem1  ImmediateThresholdList  {  ExpressionThreshold1  }
MatFlowSystem1  Manager  {  MatFlowManager2  }
MatFlowSystem1  OriginList  {  MatFlowSource1  }
MatFlowSystem1  DestinationList  {  MatFlowStorage2  }
MatFlowSystem1  PeakFlowRate  {  depal_rate  }
MatFlowSystem1  AvgFlowRate  {  depal_rate  }
MatFlowSystem1  MinFlowRate  {  depal_rate  }
EntityConveyor1  NextComponent  {  SubModel11  }
EntityConveyor1  TravelTime  {  2  h  }
EntityGenerator1  NextComponent  {  EntityConveyor1  }
EntityGenerator1  InterArrivalTime  {  [Pallet_weight].Value/[depal_rate].Value  }
EntityGenerator1  PrototypeEntity  {  Pallet  }
EntityGenerator1  MaxNumber  {  [qty].Value  }
%Pallet_receiver%Server1  NextComponent  {  %Pallet_receiver%EntitySink1  }
%Pallet_receiver%Server1  WaitQueue  {  %Pallet_receiver%Queue1  }
%Pallet_receiver%Server1  ServiceTime  {  [Pallet_receiver].pallet_wt/[Pallet_receiver].rate  }
Pallet_receiver  ShowComponents  {  TRUE  }
Pallet_receiver  fill  {  this.ComponentList(5).Open ? 1 : 0  }
Pallet_receiver  rate  {  1[t/h]  }
Pallet_receiver  pallet_wt  {  1[t]  }
SubModel11  fill  {  this.ComponentList(5).Open ? 1 : 0  }
SubModel11  rate  {  [depal_rate].Value  }
SubModel11  pallet_wt  {  [Pallet_weight].Value  }
%Pallet_receiver%SubModelStart1  NextComponent  {  %Pallet_receiver%Server1  }
Simulation  SnapToGrid  {  TRUE  }
Simulation  RealTime  {  TRUE  }
Simulation  RealTimeFactor  {  4096  }
Simulation  ShowModelBuilder  {  TRUE  }
Simulation  ShowObjectSelector  {  TRUE  }
Simulation  ShowInputEditor  {  TRUE  }
Simulation  ShowOutputViewer  {  TRUE  }
Simulation  ShowPropertyViewer  {  FALSE  }
Simulation  ShowLogViewer  {  FALSE  }
Simulation  InputEditorPos  {  316  1000  }
Simulation  InputEditorSize  {  520  440  }
Simulation  OutputViewerSize  {  1113  440  }
%Pallet_receiver%ExpressionThreshold1  Position  {  0.7  0.4  0.0  m  }
%Pallet_receiver%ExpressionThreshold1  Points  {  {  2.8  7.1  0.0  m  }  {  3.8  7.1  0.0  m  }  }
%Pallet_receiver%ExpressionThreshold1  RelativeEntity  {  Pallet_receiver  }
%Pallet_receiver%ExpressionThreshold1  Show  {  TRUE  }
ExpressionThreshold1  Position  {  4.9  6.0  0.0  m  }
ExpressionThreshold1  Points  {  {  5.0  6.0  0.0  m  }  {  6.0  6.0  0.0  m  }  }
Pallet_weight  Position  {  -1.4  4.3  0.0  m  }
Pallet_weight  Points  {  {  -0.6  6.2  0.0  m  }  {  0.4  6.2  0.0  m  }  }
depal_rate  Position  {  5.9  6.4  0.0  m  }
depal_rate  Points  {  {  7.5  6.2  0.0  m  }  {  8.5  6.2  0.0  m  }  }
qty  Position  {  -0.8  5.9  0.0  m  }
qty  Points  {  {  -0.6  6.0  0.0  m  }  {  0.4  6.0  0.0  m  }  }
MatFlowManager2  Position  {  5.9  5.6  0.0  m  }
MatFlowManager2  Points  {  {  4.5  10.8  0.0  m  }  {  5.5  10.8  0.0  m  }  }
MatFlowSource1  Position  {  4.9  4.7  0.0  m  }
MatFlowSource1  Points  {  {  5.7  8.8  0.0  m  }  {  6.7  8.8  0.0  m  }  }
MatFlowStorage2  Position  {  5.9  3.9  0.0  m  }
MatFlowStorage2  Points  {  {  5.5  9.0  0.0  m  }  {  6.5  9.0  0.0  m  }  }
MatFlowSystem1  Position  {  4.9  4.1  0.0  m  }
MatFlowSystem1  Points  {  {  4.2  5.1  0.0  m  }  {  5.2  5.1  0.0  m  }  }
Material1  Position  {  4.9  5.3  0.0  m  }
Material1  Points  {  {  6.8  5.5  0.0  m  }  {  7.8  5.5  0.0  m  }  }
EntityConveyor1  Position  {  0.3  4.8  0.0  m  }
EntityConveyor1  Points  {  {  0.3  4.8  0.0  m  }  {  1.8  4.8  0.0  m  }  }
EntityGenerator1  Position  {  -0.4  4.9  0.0  m  }
EntityGenerator1  Points  {  {  5.2  3.1  0.0  m  }  {  6.2  3.1  0.0  m  }  }
%Pallet_receiver%EntitySink1  Position  {  1.1  -0.9  0.0  m  }
%Pallet_receiver%EntitySink1  Points  {  {  4.9  6.2  0.0  m  }  {  5.9  6.2  0.0  m  }  }
%Pallet_receiver%EntitySink1  RelativeEntity  {  Pallet_receiver  }
%Pallet_receiver%EntitySink1  Show  {  TRUE  }
%Pallet_receiver%Queue1  Position  {  -0.1  -1.6  0.0  m  }
%Pallet_receiver%Queue1  Points  {  {  3.7  7.0  0.0  m  }  {  4.7  7.0  0.0  m  }  }
%Pallet_receiver%Queue1  RelativeEntity  {  Pallet_receiver  }
%Pallet_receiver%Queue1  Show  {  TRUE  }
%Pallet_receiver%Server1  Position  {  0.0  -0.9  0.0  m  }
%Pallet_receiver%Server1  Points  {  {  3.7  7.7  0.0  m  }  {  4.7  7.7  0.0  m  }  }
%Pallet_receiver%Server1  RelativeEntity  {  Pallet_receiver  }
%Pallet_receiver%Server1  Show  {  TRUE  }
Pallet  Position  {  -1.3  4.9  0.0  m  }
Pallet  Alignment  {  0.0  0.0  -0.5  }
Pallet  Points  {  {  3.5  3.2  0.0  m  }  {  4.5  3.2  0.0  m  }  }
Pallet_receiver  Position  {  1.8  9.6  0.0  m  }
Pallet_receiver  Points  {  {  1.9  5.5  0.0  m  }  {  2.9  5.5  0.0  m  }  }
SubModel11  Position  {  2.6  4.9  0.0  m  }
SubModel11  Points  {  {  2.6  4.9  0.0  m  }  {  3.6  4.9  0.0  m  }  }
%Pallet_receiver%SubModelStart1  Position  {  -1.0  -0.8  0.0  m  }
%Pallet_receiver%SubModelStart1  Points  {  {  0.2  2.2  0.0  m  }  {  1.2  2.2  0.0  m  }  }
%Pallet_receiver%SubModelStart1  RelativeEntity  {  Pallet_receiver  }
%Pallet_receiver%SubModelStart1  Show  {  TRUE  }
Axis  ColladaFile  {  <res>/shapes/axis_text.dae  }
Grid100x100  ColladaFile  {  <res>/shapes/grid100x100.dae  }
XY-Grid  Description  {  Grid for the X-Y plane (100 m x 100 m)  }
XY-Grid  Size  {  100  100  m  }
XY-Grid  DisplayModel  {  Grid100x100  }
XY-Grid  Show  {  FALSE  }
XY-Grid  Movable  {  FALSE  }
XYZ-Axis  Description  {  Unit vectors  }
XYZ-Axis  Alignment  {  -0.4393409  -0.4410096  -0.4394292  }
XYZ-Axis  Size  {  1.125000  1.1568242  1.1266404  m  }
XYZ-Axis  DisplayModel  {  Axis  }
XYZ-Axis  Movable  {  FALSE  }
Pallet_receiver_Label  Position  {  0.0  1.1  0.0  m  }
Pallet_receiver_Label  Size  {  1.662666  0.3  0.0  m  }
Pallet_receiver_Label  RelativeEntity  {  Pallet_receiver  }
Pallet_receiver_Label  TargetEntity  {  Pallet_receiver  }
Pallet_weight_Label  Position  {  0.0  -0.65  0.0  m  }
Pallet_weight_Label  Size  {  1.521842  0.3  0.0  m  }
Pallet_weight_Label  RelativeEntity  {  Pallet_weight  }
Pallet_weight_Label  TargetEntity  {  Pallet_weight  }
qty_Label1  Position  {  0.0  -0.65  0.0  m  }
qty_Label1  Size  {  0.478624  0.3  0.0  m  }
qty_Label1  RelativeEntity  {  qty  }
qty_Label1  TargetEntity  {  qty  }
Clock  Description  {  Simulation date and time (no leap years or leap seconds)  }
Clock  ScreenPosition  {  15  15  }
Clock  AlignBottom  {  TRUE  }
Clock  TextHeight  {  10  }
Clock  FontColour  {  gray20  }
Clock  FontStyle  {  ITALIC  }
Clock  StartingYear  {  2014  }
Clock  DateFormat  {  yyyy-MMM-dd HH:mm:ss.SSS  }
Title  Description  {  Title for the simulation model  }
Title  ScreenPosition  {  15  15  }
Title  Format  {  Model Title  }
Title  TextHeight  {  18  }
Title  FontColour  {  150  23  46  }
Title  FontStyle  {  BOLD  }
Text1  Position  {  5.2  2.7  0.0  m  }
Text1  Points  {  {  7.4  4.5  0.0  m  }  {  8.4  4.5  0.0  m  }  }
Text1  TextHeight  {  0.2  m  }
Text1  Format  {  Capacity = %.0f t  }
Text1  Unit  {  t  }
Text1  DataSource  {  [qty].Value * [Pallet_weight].Value  }
View1  Description  {  Default view window  }
View1  ViewCenter  {  1.918101  4.842057  4.019223  m  }
View1  ViewPosition  {  1.918101  4.842057  12.679477  m  }
View1  ShowWindow  {  TRUE  }
View1  Lock2D  {  TRUE  }
View1  SkyboxImage  {  <res>/images/sky_map_2048x1024.jpg  }
Input Error: 1 input errors and 0 warnings found
