RecordEdits
Define  ExpressionThreshold  {  ExpressionThreshold1  ExpressionThreshold2  ExpressionThreshold3  ExpressionThreshold4  ExpressionThreshold5  }
Define  InputValue  {  InputValue1  InputValue2  InputValue3  }
Define  MatFlowManager  {  MatFlowManager1  MatFlowManager2  MatFlowManager3  MatFlowManager4  }
Define  MatFlowSink  {  MatFlowSink1  MatFlowSink2  MatFlowSink3  }
Define  MatFlowSource  {  MatFlowSource1  }
Define  MatFlowStation  {  MatFlowStation1  MatFlowStation2  MatFlowStation3  MatFlowStation4  }
Define  MatFlowStorage  {  MatFlowStorage1  MatFlowStorage2  MatFlowStorage3  }
Define  MatFlowSystem  {  MatFlowSystem1  MatFlowSystem2  MatFlowSystem3  MatFlowSystem4  MatFlowSystem5  MatFlowSystem6  MatFlowSystem7  }
Define  Material  {  Material1  }
Define  Assign  {  Assign1  Assign2  }
Define  EntityGate  {  EntityGate1  }
Define  EntityGenerator  {  EntityGenerator1  }
Define  Queue  {  Queue1  }
Define  Resource  {  Resource1  }
Define  CargoVehicle  {  CargoVehicle1  }
Define  TransportDestination  {  TransportDestination1  TransportDestination2  TransportDestination3  TransportDestination4  TransportDestination5  }
Define  TransportLink  {  TransportLink1  TransportLink2  TransportLink3  TransportLink4  TransportLink5  }
Define  TransportManager  {  TransportManager1  TransportManager2  TransportManager3  TransportManager4  }
Define  TransportOrigin  {  TransportOrigin1  TransportOrigin2  TransportOrigin3  TransportOrigin4  TransportOrigin5  }
Define  TransportReleaseNode  {  TransportReleaseNode1  }
Define  TransportSeizeNode  {  TransportSeizeNode1  }
Define  ColladaModel  {  Axis  Grid100x100  }
Define  DisplayEntity  {  XY-Grid  XYZ-Axis  }
Define  OverlayClock  {  Clock  }
Define  OverlayText  {  Title  }
Define  View  {  View1  }
TransportManager1  CustomOutputList  {  {  NextDest  0  }  }
TransportManager2  CustomOutputList  {  {  WhichDest  0  }  }
TransportManager3  CustomOutputList  {  {  TruckNeed  0  }  }
TransportManager4  CustomOutputList  {  {  DestList  0  }  }
InputValue1  UnitType  {  MassFlowUnit  }
InputValue2  UnitType  {  MassFlowUnit  }
InputValue3  UnitType  {  DimensionlessUnit  }
MatFlowManager1  AttributeDefinitionList  {  {  ShipDest  [TransportDestination1]  }  }
MatFlowManager3  AttributeDefinitionList  {  {  ShipDest  [TransportDestination3]  }  }
MatFlowManager4  AttributeDefinitionList  {  {  ShipDest  [TransportDestination5]  }  }
CargoVehicle1  AttributeDefinitionList  {  {  NextDest  [TransportDestination2]  }  }
TransportManager3  AttributeDefinitionList  {  }
CargoVehicle1  CustomOutputList  {  }
TransportManager1  CustomOutputList  {  {  NextDest  this.SortedCargoSinks([Material1])(1).ShipDest  }  }
TransportManager2  CustomOutputList  {  {  WhichDest  map( |x|(x.Contents([Material1])/(x.Contents([Material1])+x.Space([Material1]))), [TransportManager1].SortedCargoSinks([Material1]))  }  }
TransportManager3  CustomOutputList  {  {  TruckNeed  reduce( |x,accum|((x < [InputValue3].Value ? 1 : 0)+accum),0, [TransportManager2].WhichDest )  }  }
TransportManager4  CustomOutputList  {  {  DestList  map( |x|(x.ShipDest), [TransportManager1].SortedCargoSinks([Material1]))  }  }
Simulation  Description  {  Simulation run control inputs  }
ExpressionThreshold1  OpenCondition  {  [TransportManager3].TruckNeed > 0  }
*** INPUT ERROR *** Entity: ExpressionThreshold1, Keyword: OpenCondition - TransportManager2: Expected Collection type argument as second argument.

ExpressionThreshold1  CloseCondition  {  }
ExpressionThreshold2  OpenCondition  {  (size([TransportManager1].CargoVehicleList)-1) <= [TransportManager3].TruckNeed  }
*** INPUT ERROR *** Entity: ExpressionThreshold2, Keyword: OpenCondition - TransportManager2: Expected Collection type argument as second argument.

ExpressionThreshold2  CloseCondition  {  }
ExpressionThreshold3  OpenCondition  {  ![MatFlowStation1].Working  }
ExpressionThreshold4  OpenCondition  {  ![MatFlowStation3].Working  }
ExpressionThreshold5  OpenCondition  {  ![MatFlowStation4].Working  }
InputValue1  Value  {  10  kg/h  }
InputValue2  Value  {  100  kg/h  }
InputValue3  Value  {  0.2  }
MatFlowSink1  Manager  {  MatFlowManager1  }
MatFlowSink1  FlowRate  {  [InputValue1].Value  }
MatFlowSink1  Material  {  Material1  }
MatFlowSink2  Manager  {  MatFlowManager3  }
MatFlowSink2  FlowRate  {  [InputValue1].Value  }
MatFlowSink2  Material  {  Material1  }
MatFlowSink3  Manager  {  MatFlowManager4  }
MatFlowSink3  FlowRate  {  [InputValue1].Value  }
MatFlowSink3  Material  {  Material1  }
MatFlowSource1  Manager  {  MatFlowManager2  }
MatFlowSource1  FlowRate  {  [InputValue2].Value  }
MatFlowSource1  Next  {  MatFlowStation2  }
MatFlowSource1  Material  {  Material1  }
MatFlowStation1  Manager  {  MatFlowManager1  }
MatFlowStation1  FlowRate  {  }
MatFlowStation1  Next  {  MatFlowStorage1  }
MatFlowStation1  NextComponent  {  TransportOrigin1  }
MatFlowStation1  MaterialsToUnload  {  Material1  }
MatFlowStation2  Manager  {  MatFlowManager2  }
MatFlowStation2  FlowRate  {  [InputValue2].Value  }
MatFlowStation2  NextComponent  {  Assign1  }
MatFlowStation2  MaterialsToLoad  {  Material1  }
MatFlowStation3  Manager  {  MatFlowManager3  }
MatFlowStation3  FlowRate  {  }
MatFlowStation3  Next  {  MatFlowStorage2  }
MatFlowStation3  NextComponent  {  TransportOrigin4  }
MatFlowStation3  MaterialsToUnload  {  Material1  }
MatFlowStation4  Manager  {  MatFlowManager4  }
MatFlowStation4  FlowRate  {  }
MatFlowStation4  Next  {  MatFlowStorage3  }
MatFlowStation4  NextComponent  {  TransportOrigin5  }
MatFlowStation4  MaterialsToUnload  {  Material1  }
MatFlowStorage1  Manager  {  MatFlowManager1  }
MatFlowStorage1  FlowRate  {  }
MatFlowStorage1  Next  {  MatFlowSink1  }
MatFlowStorage1  Capacity  {  10  kg  }
MatFlowStorage1  Material  {  Material1  }
MatFlowStorage1  InitialContents  {  10  kg  }
MatFlowStorage2  Manager  {  MatFlowManager3  }
MatFlowStorage2  FlowRate  {  }
MatFlowStorage2  Next  {  MatFlowSink2  }
MatFlowStorage2  Capacity  {  10  kg  }
MatFlowStorage2  Material  {  Material1  }
MatFlowStorage2  InitialContents  {  10  kg  }
MatFlowStorage3  Manager  {  MatFlowManager4  }
MatFlowStorage3  FlowRate  {  }
MatFlowStorage3  Next  {  MatFlowSink3  }
MatFlowStorage3  Capacity  {  10  kg  }
MatFlowStorage3  Material  {  Material1  }
MatFlowStorage3  InitialContents  {  10  kg  }
MatFlowSystem1  Manager  {  MatFlowManager1  }
MatFlowSystem1  OriginList  {  MatFlowStorage1  }
MatFlowSystem1  DestinationList  {  MatFlowSink1  }
MatFlowSystem1  PeakFlowRate  {  [InputValue1].Value  }
MatFlowSystem1  AvgFlowRate  {  [InputValue1].Value  }
MatFlowSystem1  MinFlowRate  {  [InputValue1].Value  }
MatFlowSystem2  Manager  {  MatFlowManager2  }
MatFlowSystem2  OriginList  {  MatFlowSource1  }
MatFlowSystem2  DestinationList  {  MatFlowStation2  }
MatFlowSystem2  PeakFlowRate  {  [InputValue2].Value  }
MatFlowSystem2  AvgFlowRate  {  [InputValue2].Value  }
MatFlowSystem2  MinFlowRate  {  [InputValue2].Value  }
MatFlowSystem3  Manager  {  MatFlowManager1  }
MatFlowSystem3  OriginList  {  MatFlowStation1  }
MatFlowSystem3  DestinationList  {  MatFlowStorage1  }
MatFlowSystem3  PeakFlowRate  {  [InputValue1].Value  }
MatFlowSystem3  AvgFlowRate  {  [InputValue1].Value  }
MatFlowSystem3  MinFlowRate  {  [InputValue1].Value  }
MatFlowSystem4  Manager  {  MatFlowManager3  }
MatFlowSystem4  OriginList  {  MatFlowStation3  }
MatFlowSystem4  DestinationList  {  MatFlowStorage2  }
MatFlowSystem4  PeakFlowRate  {  [InputValue1].Value  }
MatFlowSystem4  AvgFlowRate  {  [InputValue1].Value  }
MatFlowSystem4  MinFlowRate  {  [InputValue1].Value  }
MatFlowSystem5  Manager  {  MatFlowManager3  }
MatFlowSystem5  OriginList  {  MatFlowStorage2  }
MatFlowSystem5  DestinationList  {  MatFlowSink2  }
MatFlowSystem5  PeakFlowRate  {  [InputValue1].Value  }
MatFlowSystem5  AvgFlowRate  {  [InputValue1].Value  }
MatFlowSystem5  MinFlowRate  {  [InputValue1].Value  }
MatFlowSystem6  Manager  {  MatFlowManager4  }
MatFlowSystem6  OriginList  {  MatFlowStation4  }
MatFlowSystem6  DestinationList  {  MatFlowStorage3  }
MatFlowSystem6  PeakFlowRate  {  [InputValue1].Value  }
MatFlowSystem6  AvgFlowRate  {  [InputValue1].Value  }
MatFlowSystem6  MinFlowRate  {  [InputValue1].Value  }
MatFlowSystem7  Manager  {  MatFlowManager4  }
MatFlowSystem7  OriginList  {  MatFlowStorage3  }
MatFlowSystem7  DestinationList  {  MatFlowSink3  }
MatFlowSystem7  PeakFlowRate  {  [InputValue1].Value  }
MatFlowSystem7  AvgFlowRate  {  [InputValue1].Value  }
MatFlowSystem7  MinFlowRate  {  [InputValue1].Value  }
Assign1  NextComponent  {  TransportOrigin3  }
Assign1  AttributeAssignmentList  {  {  this.obj.NextDest=[TransportManager1].NextDest  }  }
Assign2  NextComponent  {  EntityGate1  }
Assign2  AttributeAssignmentList  {  {  this.obj.NextDest=[TransportDestination2]  }  }
EntityGate1  ImmediateThresholdList  {  ExpressionThreshold1  }
EntityGate1  NextComponent  {  TransportOrigin2  }
EntityGate1  StateAssignment  {  }
EntityGate1  WaitQueue  {  Queue1  }
EntityGate1  ReleaseDelay  {  3  s  }
EntityGenerator1  ImmediateThresholdList  {  }
EntityGenerator1  NextComponent  {  Assign2  }
EntityGenerator1  InterArrivalTime  {  3  s  }
EntityGenerator1  EntitiesPerArrival  {  1  }
EntityGenerator1  PrototypeEntity  {  CargoVehicle1  }
EntityGenerator1  MaxNumber  {  10  }
Queue1  MaxPerLine  {  2  }
CargoVehicle1  Manager  {  TransportManager1  }
CargoVehicle1  DestinationList  {  TransportDestination1  TransportDestination2  TransportDestination3  TransportDestination4  TransportDestination5  }
CargoVehicle1  NextDestination  {  this.ContentsList(1) > 0[t] ? this.NextDest : (this.NextDest==[TransportDestination2] ? [TransportDestination2] : [TransportDestination4])  }
CargoVehicle1  MaxSpeed  {  55  mph  }
CargoVehicle1  NormalAcceleration  {  3  m/s2  }
CargoVehicle1  NormalDeceleration  {  -3  m/s2  }
CargoVehicle1  NumberOfCargoes  {  1  }
CargoVehicle1  CapacityList  {  5  kg  }
CargoVehicle1  LoadingSequence  {  1  }
CargoVehicle1  UnloadingSequence  {  1  }
TransportDestination1  ImmediateThresholdList  {  ExpressionThreshold3  }
TransportDestination1  Manager  {  TransportManager1  }
TransportDestination1  NextComponent  {  MatFlowStation1  }
TransportDestination2  Manager  {  TransportManager1  }
TransportDestination2  NextComponent  {  MatFlowStation2  }
TransportDestination3  ImmediateThresholdList  {  ExpressionThreshold4  }
TransportDestination3  Manager  {  TransportManager1  }
TransportDestination3  NextComponent  {  MatFlowStation3  }
TransportDestination4  Manager  {  TransportManager1  }
TransportDestination4  NextComponent  {  Assign2  }
TransportDestination5  ImmediateThresholdList  {  ExpressionThreshold5  }
TransportDestination5  Manager  {  TransportManager1  }
TransportDestination5  NextComponent  {  MatFlowStation4  }
TransportLink1  Manager  {  TransportManager1  }
TransportLink1  Length  {  1  mi  }
TransportLink1  Next  {  TransportDestination2  }
TransportLink2  Manager  {  TransportManager1  }
TransportLink2  Length  {  2  mi  }
TransportLink2  Next  {  TransportLink3  TransportLink4  TransportLink5  }
TransportLink2  WaitingAllowed  {  }
TransportLink2  TwoWay  {  TRUE  }
TransportLink2  AllowPassing  {  TRUE  }
TransportLink2  Next(R)  {  TransportDestination4  }
TransportLink3  ImmediateThresholdList  {  }
TransportLink3  Manager  {  TransportManager1  }
TransportLink3  Length  {  2  mi  }
TransportLink3  Next  {  TransportDestination1  }
TransportLink3  WaitingAllowed  {  }
TransportLink3  TwoWay  {  TRUE  }
TransportLink3  Next(R)  {  TransportLink2(R)  }
TransportLink4  Manager  {  TransportManager1  }
TransportLink4  Length  {  2  mi  }
TransportLink4  Next  {  TransportDestination3  }
TransportLink4  WaitingAllowed  {  }
TransportLink4  TwoWay  {  TRUE  }
TransportLink4  Next(R)  {  TransportLink2(R)  }
TransportLink5  Manager  {  TransportManager1  }
TransportLink5  Length  {  4  mi  }
TransportLink5  Next  {  TransportDestination5  }
TransportLink5  WaitingAllowed  {  }
TransportLink5  TwoWay  {  TRUE  }
TransportLink5  Next(R)  {  TransportLink2(R)  }
TransportOrigin1  Manager  {  TransportManager1  }
TransportOrigin1  Next  {  TransportLink3(R)  }
TransportOrigin2  Manager  {  TransportManager1  }
TransportOrigin2  Next  {  TransportSeizeNode1  }
TransportOrigin3  Manager  {  TransportManager1  }
TransportOrigin3  Next  {  TransportReleaseNode1  }
TransportOrigin4  Manager  {  TransportManager1  }
TransportOrigin4  Next  {  TransportLink4(R)  }
TransportOrigin5  Manager  {  TransportManager1  }
TransportOrigin5  Next  {  TransportLink5(R)  }
TransportReleaseNode1  Manager  {  TransportManager1  }
TransportReleaseNode1  Next  {  TransportLink2  }
TransportReleaseNode1  ResourceList  {  Resource1  }
TransportSeizeNode1  Manager  {  TransportManager1  }
TransportSeizeNode1  Next  {  TransportLink1  }
TransportSeizeNode1  ResourceList  {  Resource1  }
Simulation  DisplayedUnits  {  kg/h  h  deg  }
Simulation  SnapToGrid  {  TRUE  }
Simulation  RealTime  {  TRUE  }
Simulation  RealTimeFactor  {  1024  }
Simulation  ShowModelBuilder  {  TRUE  }
Simulation  ShowObjectSelector  {  TRUE  }
Simulation  ShowInputEditor  {  TRUE  }
Simulation  ShowOutputViewer  {  TRUE  }
Simulation  ShowPropertyViewer  {  FALSE  }
Simulation  ShowLogViewer  {  FALSE  }
Simulation  InputEditorSize  {  627  440  }
Simulation  OutputViewerPos  {  942  1002  }
Simulation  OutputViewerSize  {  616  440  }
ExpressionThreshold1  Position  {  0.4  4.3  0.0  m  }
ExpressionThreshold1  Points  {  {  -1.0  8.5  0.0  m  }  {  0.0  8.5  0.0  m  }  }
ExpressionThreshold1  ShowPendingStates  {  }
ExpressionThreshold2  Position  {  11.0  12.4  0.0  m  }
ExpressionThreshold2  Points  {  {  -1.95  7.35  0.0  m  }  {  -0.95  7.35  0.0  m  }  }
ExpressionThreshold3  Position  {  6.0  7.9  0.0  m  }
ExpressionThreshold3  Points  {  {  6.4  7.9  0.0  m  }  {  7.4  7.9  0.0  m  }  }
ExpressionThreshold4  Position  {  6.0  4.5  0.0  m  }
ExpressionThreshold4  Points  {  {  6.1  4.6  0.0  m  }  {  7.1  4.6  0.0  m  }  }
ExpressionThreshold5  Position  {  6.0  0.9  0.0  m  }
ExpressionThreshold5  Points  {  {  6.0  1.0  0.0  m  }  {  7.0  1.0  0.0  m  }  }
InputValue1  Position  {  7.9  8.7  0.0  m  }
InputValue1  Points  {  {  7.9  8.7  0.0  m  }  {  8.9  8.7  0.0  m  }  }
InputValue2  Position  {  -5.3  2.5  0.0  m  }
InputValue2  Points  {  {  8.4  8.2  0.0  m  }  {  9.4  8.2  0.0  m  }  }
InputValue3  Position  {  9.7  12.6  0.0  m  }
InputValue3  Points  {  {  9.7  12.6  0.0  m  }  {  10.7  12.6  0.0  m  }  }
MatFlowManager1  Position  {  9.7  9.7  0.0  m  }
MatFlowManager1  Points  {  {  10.0  10.2  0.0  m  }  {  11.0  10.2  0.0  m  }  }
MatFlowManager2  Position  {  -3.8  3.3  -0.0  m  }
MatFlowManager2  Points  {  {  -3.8  3.3  0.0  m  }  {  -2.8  3.3  0.0  m  }  }
MatFlowManager3  Position  {  9.7  6.1  0.0  m  }
MatFlowManager3  Points  {  {  10.5  9.7  0.0  m  }  {  11.5  9.7  0.0  m  }  }
MatFlowManager4  Position  {  9.7  2.5  0.0  m  }
MatFlowManager4  Points  {  {  10.2  5.6  0.0  m  }  {  11.2  5.6  0.0  m  }  }
MatFlowSink1  Position  {  11.3  7.4  0.0  m  }
MatFlowSink1  Points  {  {  8.5  5.2  0.0  m  }  {  9.5  5.2  0.0  m  }  }
MatFlowSink2  Position  {  11.3  3.8  0.0  m  }
MatFlowSink2  Points  {  {  11.05  8.0  0.0  m  }  {  12.05  8.0  0.0  m  }  }
MatFlowSink3  Position  {  11.4  0.2  0.0  m  }
MatFlowSink3  Points  {  {  11.55  3.6  0.0  m  }  {  12.55  3.6  0.0  m  }  }
MatFlowSource1  Position  {  -3.1  2.5  0.0  m  }
MatFlowSource1  Points  {  {  -3.2  2.6  0.0  m  }  {  -2.2  2.6  0.0  m  }  }
MatFlowStation1  Position  {  7.3  7.3  0.0  m  }
MatFlowStation1  Size  {  1.8  0.5  m  }
MatFlowStation1  Points  {  {  6.8  7.1  0.0  m  }  {  7.8  7.1  0.0  m  }  }
MatFlowStation2  Position  {  -1.8  2.5  0.0  m  }
MatFlowStation2  Size  {  1.8  0.5  m  }
MatFlowStation2  Points  {  {  -2.3  2.6  0.0  m  }  {  -1.3  2.6  0.0  m  }  }
MatFlowStation3  Position  {  7.3  3.8  0.0  m  }
MatFlowStation3  Size  {  1.8  0.5  m  }
MatFlowStation3  Points  {  {  8.2  7.05  0.0  m  }  {  9.2  7.05  0.0  m  }  }
MatFlowStation4  Position  {  7.3  0.2  0.0  m  }
MatFlowStation4  Size  {  1.8  0.5  m  }
MatFlowStation4  Points  {  {  8.2  3.55  0.0  m  }  {  9.2  3.55  0.0  m  }  }
MatFlowStorage1  Position  {  9.7  8.1  0.0  m  }
MatFlowStorage1  Points  {  {  7.8  5.5  0.0  m  }  {  8.8  5.5  0.0  m  }  }
MatFlowStorage2  Position  {  9.7  4.5  0.0  m  }
MatFlowStorage2  Points  {  {  10.2  7.1  0.0  m  }  {  11.2  7.1  0.0  m  }  }
MatFlowStorage3  Position  {  9.7  0.9  0.0  m  }
MatFlowStorage3  Points  {  {  10.2  3.5  0.0  m  }  {  11.2  3.5  0.0  m  }  }
MatFlowSystem1  Position  {  10.6  7.4  0.0  m  }
MatFlowSystem1  Points  {  {  8.5  5.9  0.0  m  }  {  9.5  5.9  0.0  m  }  }
MatFlowSystem2  Position  {  -3.8  2.5  0.0  m  }
MatFlowSystem2  Points  {  {  -2.8  2.9  0.0  m  }  {  -1.8  2.9  0.0  m  }  }
MatFlowSystem3  Position  {  8.7  7.4  0.0  m  }
MatFlowSystem3  Points  {  {  8.6  7.4  0.0  m  }  {  9.6  7.4  0.0  m  }  }
MatFlowSystem4  Position  {  8.7  3.8  0.0  m  }
MatFlowSystem4  Points  {  {  8.95  7.05  0.0  m  }  {  9.95  7.05  0.0  m  }  }
MatFlowSystem5  Position  {  10.6  3.8  0.0  m  }
MatFlowSystem5  Points  {  {  10.95  8.55  0.0  m  }  {  11.95  8.55  0.0  m  }  }
MatFlowSystem6  Position  {  8.7  0.2  0.0  m  }
MatFlowSystem6  Points  {  {  8.95  3.55  0.0  m  }  {  9.95  3.55  0.0  m  }  }
MatFlowSystem7  Position  {  10.7  0.2  0.0  m  }
MatFlowSystem7  Points  {  {  10.85  3.55  0.0  m  }  {  11.85  3.55  0.0  m  }  }
Material1  Position  {  9.7  10.8  0.0  m  }
Material1  Points  {  {  9.1  10.1  0.0  m  }  {  10.1  10.1  0.0  m  }  }
Assign1  Position  {  -0.5  1.8  0.0  m  }
Assign1  Points  {  {  -1.5  2.0  0.0  m  }  {  -0.5  2.0  0.0  m  }  }
Assign2  Position  {  -0.5  3.6  0.0  m  }
Assign2  Points  {  {  0.0  1.3  0.0  m  }  {  1.0  1.3  0.0  m  }  }
EntityGate1  Position  {  -0.5  4.4  0.0  m  }
EntityGate1  Points  {  {  0.3  4.5  0.0  m  }  {  1.3  4.5  0.0  m  }  }
EntityGenerator1  Position  {  -1.7  6.9  0.0  m  }
EntityGenerator1  Points  {  {  -0.8  8.8  0.0  m  }  {  0.2  8.8  0.0  m  }  }
Queue1  Position  {  -0.5  5.2  0.0  m  }
Queue1  Orientation  {  0.0  0.0  -90  deg  }
Queue1  Points  {  {  -0.7  4.6  0.0  m  }  {  0.3  4.6  0.0  m  }  }
Resource1  Position  {  -2.4  3.9  0.0  m  }
Resource1  Points  {  {  -3.6  5.2  0.0  m  }  {  -2.6  5.2  0.0  m  }  }
CargoVehicle1  Position  {  -3.3  6.8  0.0  m  }
CargoVehicle1  Size  {  1.5  0.3  m  }
CargoVehicle1  Points  {  {  1.5  4.6  0.0  m  }  {  2.5  4.6  0.0  m  }  }
CargoVehicle1  DisplayModel  {  Ship2D  }
TransportDestination1  Position  {  6.0  7.1  0.0  m  }
TransportDestination1  Points  {  {  6.0  7.2  0.0  m  }  {  7.0  7.2  0.0  m  }  }
TransportDestination2  Position  {  -1.7  3.0  0.0  m  }
TransportDestination2  Points  {  {  1.2  3.7  0.0  m  }  {  2.2  3.7  0.0  m  }  }
TransportDestination3  Position  {  6.1  3.6  0.0  m  }
TransportDestination3  Points  {  {  6.0  3.8  0.0  m  }  {  7.0  3.8  0.0  m  }  }
TransportDestination4  Position  {  -0.5  3.0  0.0  m  }
TransportDestination4  Points  {  {  -0.6  3.2  0.0  m  }  {  0.4  3.2  0.0  m  }  }
TransportDestination5  Position  {  6.1  -0.0  0.0  m  }
TransportDestination5  Points  {  {  6.225  3.475  0.0  m  }  {  7.225  3.475  0.0  m  }  }
TransportLink1  Position  {  -1.7  4.3  0.0  m  }
TransportLink1  Points  {  {  -1.7  4.3  0.0  m  }  {  -1.7  3.3  0.0  m  }  }
TransportLink2  Position  {  -0.2  2.6  0.0  m  }
TransportLink2  Points  {  {  -0.2  2.6  0.0  m  }  {  4.2  4.9  0.0  m  }  }
TransportLink3  Position  {  4.4  5.0  0.0  m  }
TransportLink3  Points  {  {  4.4  5.0  0.0  m  }  {  5.9  6.9  0.0  m  }  }
TransportLink4  Position  {  4.4  4.9  0.0  m  }
TransportLink4  Points  {  {  4.4  4.9  0.0  m  }  {  5.8  3.8  0.0  m  }  }
TransportLink5  Position  {  4.3  4.8  0.0  m  }
TransportLink5  Points  {  {  4.3  4.8  0.0  m  }  {  5.8  0.0  0.0  m  }  }
TransportManager1  Position  {  -1.7  5.5  0.0  m  }
TransportManager1  Points  {  {  1.3  2.2  0.0  m  }  {  2.3  2.2  0.0  m  }  }
TransportManager2  Position  {  9.7  11.7  0.0  m  }
TransportManager2  Points  {  {  1.0  8.9  0.0  m  }  {  2.0  8.9  0.0  m  }  }
TransportManager3  Position  {  11.0  11.7  0.0  m  }
TransportManager3  Points  {  {  10.2  11.2  0.0  m  }  {  11.2  11.2  0.0  m  }  }
TransportManager4  Position  {  12.3  11.7  0.0  m  }
TransportManager4  Points  {  {  10.2  11.2  0.0  m  }  {  11.2  11.2  0.0  m  }  }
TransportOrigin1  Position  {  6.0  7.4  0.0  m  }
TransportOrigin1  Points  {  {  6.0  7.5  0.0  m  }  {  7.0  7.5  0.0  m  }  }
TransportOrigin2  Position  {  -1.7  4.8  0.0  m  }
TransportOrigin2  Points  {  {  0.7  3.7  0.0  m  }  {  1.7  3.7  0.0  m  }  }
TransportOrigin3  Position  {  -0.6  2.5  0.0  m  }
TransportOrigin3  Points  {  {  1.0  3.2  0.0  m  }  {  2.0  3.2  0.0  m  }  }
TransportOrigin4  Position  {  6.1  4.0  0.0  m  }
TransportOrigin4  Points  {  {  6.125  7.275  0.0  m  }  {  7.125  7.275  0.0  m  }  }
TransportOrigin5  Position  {  6.1  0.4  0.0  m  }
TransportOrigin5  Points  {  {  6.225  3.875  0.0  m  }  {  7.225  3.875  0.0  m  }  }
TransportReleaseNode1  Position  {  -0.3  2.5  0.0  m  }
TransportReleaseNode1  Points  {  {  -0.6  2.3  0.0  m  }  {  0.4  2.3  0.0  m  }  }
TransportSeizeNode1  Position  {  -1.7  4.5  0.0  m  }
TransportSeizeNode1  Points  {  {  -2.0  4.3  0.0  m  }  {  -1.0  4.3  0.0  m  }  }
Axis  ColladaFile  {  <res>/shapes/axis_text.dae  }
Grid100x100  ColladaFile  {  <res>/shapes/grid100x100.dae  }
XY-Grid  Description  {  Grid for the X-Y plane (100 m x 100 m)  }
XY-Grid  Size  {  100  100  m  }
XY-Grid  DisplayModel  {  Grid100x100  }
XY-Grid  Show  {  FALSE  }
XY-Grid  Movable  {  FALSE  }
XYZ-Axis  Description  {  Unit vectors  }
XYZ-Axis  Alignment  {  -0.4393409  -0.4410096  -0.4394292  }
XYZ-Axis  Size  {  1.125000  1.1568242  1.1266404  m  }
XYZ-Axis  DisplayModel  {  Axis  }
XYZ-Axis  Movable  {  FALSE  }
Clock  Description  {  Simulation date and time (no leap years or leap seconds)  }
Clock  ScreenPosition  {  15  15  }
Clock  AlignBottom  {  TRUE  }
Clock  TextHeight  {  10  }
Clock  FontColour  {  gray20  }
Clock  FontStyle  {  ITALIC  }
Clock  StartingYear  {  2014  }
Clock  DateFormat  {  yyyy-MMM-dd HH:mm:ss.SSS  }
Title  Description  {  Title for the simulation model  }
Title  ScreenPosition  {  15  15  }
Title  Format  {  Model Title  }
Title  TextHeight  {  18  }
Title  FontColour  {  150  23  46  }
Title  FontStyle  {  BOLD  }
View1  Description  {  Default view window  }
View1  ViewCenter  {  5.442656  5.208663  16.066465  m  }
View1  ViewPosition  {  5.442656  5.208663  24.72672  m  }
View1  WindowSize  {  1464  882  }
View1  WindowPosition  {  319  122  }
View1  ShowWindow  {  TRUE  }
View1  Lock2D  {  TRUE  }
View1  SkyboxImage  {  <res>/images/sky_map_2048x1024.jpg  }
Input Error: 2 input errors and 0 warnings found
EXCEPTION AT TIME: 0.000000 s
TransportManager2: Expected Collection type argument as second argument.
Thrown exception call stack:
com.jaamsim.input.ExpressionHandle.evaluateExp(ExpressionHandle.java:61)
com.jaamsim.input.ExpressionHandle.getValue(ExpressionHandle.java:37)
com.jaamsim.input.ExpEvaluator.getResultFromOutput(ExpEvaluator.java:57)
com.jaamsim.input.ExpEvaluator.access$200(ExpEvaluator.java:35)
com.jaamsim.input.ExpEvaluator$EntityResolver.resolve(ExpEvaluator.java:312)
com.jaamsim.input.ExpParser$ResolveOutput.evaluate(ExpParser.java:437)
com.jaamsim.input.ExpParser$FuncCall.evaluate(ExpParser.java:868)
com.jaamsim.input.ExpParser$Expression.evaluate(ExpParser.java:210)
com.jaamsim.input.ExpEvaluator.evaluateExpression(ExpEvaluator.java:376)
com.jaamsim.input.ExpressionHandle.evaluateExp(ExpressionHandle.java:53)
com.jaamsim.input.ExpressionHandle.getValue(ExpressionHandle.java:37)
com.jaamsim.input.ExpEvaluator.getResultFromOutput(ExpEvaluator.java:57)
com.jaamsim.input.ExpEvaluator.access$200(ExpEvaluator.java:35)
com.jaamsim.input.ExpEvaluator$EntityResolver.resolve(ExpEvaluator.java:312)
com.jaamsim.input.ExpParser$ResolveOutput.evaluate(ExpParser.java:437)
com.jaamsim.input.ExpParser$BinaryOp.evaluate(ExpParser.java:685)
com.jaamsim.input.ExpParser$Expression.evaluate(ExpParser.java:210)
com.jaamsim.input.ExpEvaluator.evaluateExpression(ExpEvaluator.java:376)
com.jaamsim.Thresholds.ExpressionThreshold.getOpenConditionValue(ExpressionThreshold.java:164)
com.jaamsim.Thresholds.ExpressionThreshold.earlyInit(ExpressionThreshold.java:111)
com.jaamsim.basicsim.InitModelTarget.process(InitModelTarget.java:45)
com.jaamsim.events.EventManager.executeTarget(EventManager.java:183)
com.jaamsim.events.EventManager.execute(EventManager.java:264)
com.jaamsim.events.Process.run(Process.java:101)
